**** Warning	Sat Mar 14 00:32:32 CDT 2015	1426311152353	/atg/dynamo/service/jmdns/ClusterBroadcaster	Truncating value for serviceProperties key 'commandLineModules'.
**** Warning	Sat Mar 14 00:32:51 CDT 2015	1426311171247	DistributorSender	No remote servers configured
**** Warning	Sat Mar 14 00:32:56 CDT 2015	1426311176797	/atg/commerce/fulfillment/FulfillmentPipelineManager	There is no transition to link [verifyShipItemRelationshipForRemoval] in the XML configuration file.
**** Warning	Sat Mar 14 00:33:08 CDT 2015	1426311188834	/atg/dynamo/messaging/MessagingManager	Disabling rollback logging for InputDestinationConsumer in order to reduce clutter. Set disableDebugTracesForRollbacksForInputDestinationConsumer on /atg/dynamo/messaging/MessagingManager to false to re-enable for InputDestinationConsumer.
**** Warning	Sat Mar 14 00:33:09 CDT 2015	1426311189882	DistributorSender	No remote servers configured
**** Warning	Sat Mar 14 00:33:15 CDT 2015	1426311195580	/atg/rest/security/RestSecurityManager	Property "secure" is set to false for method loginUser:NULL in component /atg/userprofiling/ProfileServices
**** Warning	Sat Mar 14 00:33:15 CDT 2015	1426311195582	/atg/rest/security/RestSecurityManager	Property "secure" is set to false for method logoutUser:NULL in component /atg/userprofiling/ProfileServices
**** Warning	Sat Mar 14 00:33:15 CDT 2015	1426311195597	/atg/rest/security/RestSecurityManager	Property "secure" is set to false for method login:NULL in component /atg/userprofiling/ProfileFormHandler
**** Warning	Sat Mar 14 00:33:15 CDT 2015	1426311195597	/atg/rest/security/RestSecurityManager	Property "secure" is set to false for method logout:NULL in component /atg/userprofiling/ProfileFormHandler
**** Warning	Sat Mar 14 00:33:15 CDT 2015	1426311195598	/atg/rest/security/RestSecurityManager	Property "secure" is set to false for property value.login in component /atg/userprofiling/InternalProfileFormHandler
**** Warning	Sat Mar 14 00:33:15 CDT 2015	1426311195599	/atg/rest/security/RestSecurityManager	Property "secure" is set to false for property value.password in component /atg/userprofiling/InternalProfileFormHandler
**** Warning	Sat Mar 14 00:33:15 CDT 2015	1426311195599	/atg/rest/security/RestSecurityManager	Property "secure" is set to false for property loginErrorURL in component /atg/userprofiling/InternalProfileFormHandler
**** Warning	Sat Mar 14 00:33:15 CDT 2015	1426311195600	/atg/rest/security/RestSecurityManager	Property "secure" is set to false for property logoutErrorURL in component /atg/userprofiling/InternalProfileFormHandler
**** Warning	Sat Mar 14 00:33:15 CDT 2015	1426311195602	/atg/rest/security/RestSecurityManager	Property "secure" is set to false for method handleLogin:NULL in component /atg/userprofiling/InternalProfileFormHandler
**** Warning	Sat Mar 14 00:33:15 CDT 2015	1426311195602	/atg/rest/security/RestSecurityManager	Property "secure" is set to false for method handleLogout:NULL in component /atg/userprofiling/InternalProfileFormHandler
**** Warning	Sat Mar 14 00:33:15 CDT 2015	1426311195603	/atg/rest/security/RestSecurityManager	Property "secure" is set to false for property defaultOutputCustomizer in component /atg/rest/Configuration
**** Warning	Sat Mar 14 00:33:15 CDT 2015	1426311195603	/atg/rest/security/RestSecurityManager	Property "secure" is set to false for property defaultInputCustomizer in component /atg/rest/Configuration
**** Warning	Sat Mar 14 00:33:15 CDT 2015	1426311195605	/atg/rest/security/RestSecurityManager	Property "secure" is set to false for property sessionConfirmationNumber in component /atg/rest/SessionConfirmation
**** Warning	Sat Mar 14 00:33:16 CDT 2015	1426311196434	/atg/dynamo/service/fluoroscope/listener/PositionMarkingSensorListener	Disabling the caching droplet..
**** Warning	Sat Mar 14 00:33:16 CDT 2015	1426311196527	/atg/dynamo/service/ServerLockManager	No backup server is configured for Lock Server Avul-PC/192.168.1.80:9012 It becomes Primary Server
**** Warning	Sat Mar 14 07:54:13 CDT 2015	1426337653811	/atg/dynamo/service/jmdns/ClusterBroadcaster	Truncating value for serviceProperties key 'commandLineModules'.
**** Warning	Sat Mar 14 07:54:34 CDT 2015	1426337674200	DistributorSender	No remote servers configured
**** Warning	Sat Mar 14 07:54:39 CDT 2015	1426337679783	/atg/commerce/fulfillment/FulfillmentPipelineManager	There is no transition to link [verifyShipItemRelationshipForRemoval] in the XML configuration file.
**** Warning	Sat Mar 14 07:54:50 CDT 2015	1426337690234	/atg/dynamo/messaging/MessagingManager	Disabling rollback logging for InputDestinationConsumer in order to reduce clutter. Set disableDebugTracesForRollbacksForInputDestinationConsumer on /atg/dynamo/messaging/MessagingManager to false to re-enable for InputDestinationConsumer.
**** Warning	Sat Mar 14 07:54:51 CDT 2015	1426337691069	DistributorSender	No remote servers configured
**** Warning	Sat Mar 14 07:54:53 CDT 2015	1426337693546	/atg/rest/security/RestSecurityManager	Property "secure" is set to false for method loginUser:NULL in component /atg/userprofiling/ProfileServices
**** Warning	Sat Mar 14 07:54:53 CDT 2015	1426337693547	/atg/rest/security/RestSecurityManager	Property "secure" is set to false for method logoutUser:NULL in component /atg/userprofiling/ProfileServices
**** Warning	Sat Mar 14 07:54:53 CDT 2015	1426337693561	/atg/rest/security/RestSecurityManager	Property "secure" is set to false for method login:NULL in component /atg/userprofiling/ProfileFormHandler
**** Warning	Sat Mar 14 07:54:53 CDT 2015	1426337693561	/atg/rest/security/RestSecurityManager	Property "secure" is set to false for method logout:NULL in component /atg/userprofiling/ProfileFormHandler
**** Warning	Sat Mar 14 07:54:53 CDT 2015	1426337693561	/atg/rest/security/RestSecurityManager	Property "secure" is set to false for property value.login in component /atg/userprofiling/InternalProfileFormHandler
**** Warning	Sat Mar 14 07:54:53 CDT 2015	1426337693562	/atg/rest/security/RestSecurityManager	Property "secure" is set to false for property value.password in component /atg/userprofiling/InternalProfileFormHandler
**** Warning	Sat Mar 14 07:54:53 CDT 2015	1426337693562	/atg/rest/security/RestSecurityManager	Property "secure" is set to false for property loginErrorURL in component /atg/userprofiling/InternalProfileFormHandler
**** Warning	Sat Mar 14 07:54:53 CDT 2015	1426337693562	/atg/rest/security/RestSecurityManager	Property "secure" is set to false for property logoutErrorURL in component /atg/userprofiling/InternalProfileFormHandler
**** Warning	Sat Mar 14 07:54:53 CDT 2015	1426337693564	/atg/rest/security/RestSecurityManager	Property "secure" is set to false for method handleLogin:NULL in component /atg/userprofiling/InternalProfileFormHandler
**** Warning	Sat Mar 14 07:54:53 CDT 2015	1426337693564	/atg/rest/security/RestSecurityManager	Property "secure" is set to false for method handleLogout:NULL in component /atg/userprofiling/InternalProfileFormHandler
**** Warning	Sat Mar 14 07:54:53 CDT 2015	1426337693564	/atg/rest/security/RestSecurityManager	Property "secure" is set to false for property defaultOutputCustomizer in component /atg/rest/Configuration
**** Warning	Sat Mar 14 07:54:53 CDT 2015	1426337693565	/atg/rest/security/RestSecurityManager	Property "secure" is set to false for property defaultInputCustomizer in component /atg/rest/Configuration
**** Warning	Sat Mar 14 07:54:53 CDT 2015	1426337693566	/atg/rest/security/RestSecurityManager	Property "secure" is set to false for property sessionConfirmationNumber in component /atg/rest/SessionConfirmation
**** Warning	Sat Mar 14 07:54:54 CDT 2015	1426337694397	/atg/dynamo/service/fluoroscope/listener/PositionMarkingSensorListener	Disabling the caching droplet..
**** Warning	Sat Mar 14 07:54:54 CDT 2015	1426337694475	/atg/dynamo/service/ServerLockManager	No backup server is configured for Lock Server Avul-PC/192.168.1.80:9012 It becomes Primary Server
**** Warning	Sat Mar 14 17:03:56 CDT 2015	1426370636144	/atg/dynamo/service/jmdns/ClusterBroadcaster	Truncating value for serviceProperties key 'commandLineModules'.
**** Warning	Sat Mar 14 17:04:04 CDT 2015	1426370644915	DistributorSender	No remote servers configured
**** Warning	Sat Mar 14 17:04:08 CDT 2015	1426370648059	/atg/commerce/fulfillment/FulfillmentPipelineManager	There is no transition to link [verifyShipItemRelationshipForRemoval] in the XML configuration file.
**** Warning	Sat Mar 14 17:04:17 CDT 2015	1426370657046	/atg/dynamo/messaging/MessagingManager	Disabling rollback logging for InputDestinationConsumer in order to reduce clutter. Set disableDebugTracesForRollbacksForInputDestinationConsumer on /atg/dynamo/messaging/MessagingManager to false to re-enable for InputDestinationConsumer.
**** Warning	Sat Mar 14 17:04:17 CDT 2015	1426370657582	DistributorSender	No remote servers configured
**** Warning	Sat Mar 14 17:04:18 CDT 2015	1426370658569	/atg/rest/security/RestSecurityManager	Property "secure" is set to false for method loginUser:NULL in component /atg/userprofiling/ProfileServices
**** Warning	Sat Mar 14 17:04:18 CDT 2015	1426370658570	/atg/rest/security/RestSecurityManager	Property "secure" is set to false for method logoutUser:NULL in component /atg/userprofiling/ProfileServices
**** Warning	Sat Mar 14 17:04:18 CDT 2015	1426370658584	/atg/rest/security/RestSecurityManager	Property "secure" is set to false for method login:NULL in component /atg/userprofiling/ProfileFormHandler
**** Warning	Sat Mar 14 17:04:18 CDT 2015	1426370658585	/atg/rest/security/RestSecurityManager	Property "secure" is set to false for method logout:NULL in component /atg/userprofiling/ProfileFormHandler
**** Warning	Sat Mar 14 17:04:18 CDT 2015	1426370658585	/atg/rest/security/RestSecurityManager	Property "secure" is set to false for property value.login in component /atg/userprofiling/InternalProfileFormHandler
**** Warning	Sat Mar 14 17:04:18 CDT 2015	1426370658586	/atg/rest/security/RestSecurityManager	Property "secure" is set to false for property value.password in component /atg/userprofiling/InternalProfileFormHandler
**** Warning	Sat Mar 14 17:04:18 CDT 2015	1426370658586	/atg/rest/security/RestSecurityManager	Property "secure" is set to false for property loginErrorURL in component /atg/userprofiling/InternalProfileFormHandler
**** Warning	Sat Mar 14 17:04:18 CDT 2015	1426370658587	/atg/rest/security/RestSecurityManager	Property "secure" is set to false for property logoutErrorURL in component /atg/userprofiling/InternalProfileFormHandler
**** Warning	Sat Mar 14 17:04:18 CDT 2015	1426370658589	/atg/rest/security/RestSecurityManager	Property "secure" is set to false for method handleLogin:NULL in component /atg/userprofiling/InternalProfileFormHandler
**** Warning	Sat Mar 14 17:04:18 CDT 2015	1426370658589	/atg/rest/security/RestSecurityManager	Property "secure" is set to false for method handleLogout:NULL in component /atg/userprofiling/InternalProfileFormHandler
**** Warning	Sat Mar 14 17:04:18 CDT 2015	1426370658590	/atg/rest/security/RestSecurityManager	Property "secure" is set to false for property defaultOutputCustomizer in component /atg/rest/Configuration
**** Warning	Sat Mar 14 17:04:18 CDT 2015	1426370658590	/atg/rest/security/RestSecurityManager	Property "secure" is set to false for property defaultInputCustomizer in component /atg/rest/Configuration
**** Warning	Sat Mar 14 17:04:18 CDT 2015	1426370658592	/atg/rest/security/RestSecurityManager	Property "secure" is set to false for property sessionConfirmationNumber in component /atg/rest/SessionConfirmation
**** Warning	Sat Mar 14 17:04:20 CDT 2015	1426370660044	/atg/dynamo/service/fluoroscope/listener/PositionMarkingSensorListener	Disabling the caching droplet..
**** Warning	Sat Mar 14 17:04:20 CDT 2015	1426370660085	/atg/dynamo/service/ServerLockManager	No backup server is configured for Lock Server Avul-PC/192.168.1.80:9012 It becomes Primary Server
**** Warning	Sat Mar 14 17:33:59 CDT 2015	1426372439059	/atg/dynamo/security/AdminUserAuthority	Attempt to log into account admin with incorrect password
**** Warning	Sat Mar 14 17:35:45 CDT 2015	1426372545561	/atg/commerce/endeca/index/StoreLocationSchemaExporter	Warning, duplicate meta OutputProperty with name store.siteId found, ignoring duplicate.
**** Warning	Sat Mar 14 17:35:45 CDT 2015	1426372545571	/atg/commerce/endeca/index/SchemaExporter	Warning, duplicate meta OutputProperty with name record.type found, ignoring duplicate.
**** Warning	Sat Mar 14 17:35:55 CDT 2015	1426372555769	/atg/commerce/endeca/index/CategoryPathVariantProducer	cannot find category in category tree: id = rootCategory, item = category:rootCategory, while processing property name null
**** Warning	Sat Mar 14 17:35:57 CDT 2015	1426372557848	/atg/search/repository/BulkLoader	Resubmitting previously generated URL "atgrep:/ProductCatalog/category/cat10024?catalog=masterCatalog&categoryPath=/cat10016/cat10024&locale=en_US"
**** Warning	Sat Mar 14 17:35:57 CDT 2015	1426372557849	/atg/search/repository/BulkLoader	Resubmitting previously generated URL "atgrep:/ProductCatalog/category/cat10026?catalog=masterCatalog&categoryPath=/cat10016/cat10026&locale=en_US"
**** Warning	Sat Mar 14 17:35:57 CDT 2015	1426372557854	/atg/search/repository/BulkLoader	Resubmitting previously generated URL "atgrep:/ProductCatalog/category/cat10022?catalog=masterCatalog&categoryPath=/cat10016/cat10022&locale=en_US"
**** Warning	Sat Mar 14 17:35:57 CDT 2015	1426372557867	/atg/search/repository/BulkLoader	Resubmitting previously generated URL "atgrep:/ProductCatalog/category/cat10018?catalog=masterCatalog&categoryPath=/cat10016/cat10018&locale=en_US"
**** Warning	Sat Mar 14 17:35:57 CDT 2015	1426372557869	/atg/search/repository/BulkLoader	Resubmitting previously generated URL "atgrep:/ProductCatalog/category/cat10024?catalog=masterCatalog&categoryPath=/cat10016/cat10024&locale=de_DE"
**** Warning	Sat Mar 14 17:35:57 CDT 2015	1426372557871	/atg/search/repository/BulkLoader	Resubmitting previously generated URL "atgrep:/ProductCatalog/category/cat10024?catalog=masterCatalog&categoryPath=/cat10016/cat10024&locale=es_US"
**** Warning	Sat Mar 14 17:35:57 CDT 2015	1426372557875	/atg/search/repository/BulkLoader	Resubmitting previously generated URL "atgrep:/ProductCatalog/category/catMountedLamps?catalog=masterCatalog&categoryPath=/cat10016/cat10014/catMountedLamps&locale=en_US"
**** Warning	Sat Mar 14 17:35:57 CDT 2015	1426372557877	/atg/search/repository/BulkLoader	Resubmitting previously generated URL "atgrep:/ProductCatalog/category/cat10024?catalog=homeStoreCatalog&categoryPath=/cat10016/cat10024&locale=en_US"
**** Warning	Sat Mar 14 17:35:57 CDT 2015	1426372557901	/atg/search/repository/BulkLoader	Resubmitting previously generated URL "atgrep:/ProductCatalog/category/cat10026?catalog=masterCatalog&categoryPath=/cat10016/cat10026&locale=de_DE"
**** Warning	Sat Mar 14 17:35:57 CDT 2015	1426372557908	/atg/search/repository/BulkLoader	Resubmitting previously generated URL "atgrep:/ProductCatalog/category/cat10022?catalog=masterCatalog&categoryPath=/cat10016/cat10022&locale=de_DE"
**** Warning	Sat Mar 14 17:35:57 CDT 2015	1426372557910	/atg/search/repository/BulkLoader	Resubmitting previously generated URL "atgrep:/ProductCatalog/category/cat10022?catalog=masterCatalog&categoryPath=/cat10016/cat10022&locale=es_US"
**** Warning	Sat Mar 14 17:35:57 CDT 2015	1426372557911	/atg/search/repository/BulkLoader	Resubmitting previously generated URL "atgrep:/ProductCatalog/category/catDeskLamps?catalog=masterCatalog&categoryPath=/cat10016/cat10014/catDeskLamps&locale=en_US"
**** Warning	Sat Mar 14 17:35:57 CDT 2015	1426372557912	/atg/search/repository/BulkLoader	Resubmitting previously generated URL "atgrep:/ProductCatalog/category/cat10022?catalog=homeStoreCatalog&categoryPath=/cat10016/cat10022&locale=en_US"
**** Warning	Sat Mar 14 17:35:57 CDT 2015	1426372557914	/atg/search/repository/BulkLoader	Resubmitting previously generated URL "atgrep:/ProductCatalog/category/cat10018?catalog=masterCatalog&categoryPath=/cat10016/cat10018&locale=de_DE"
**** Warning	Sat Mar 14 17:35:57 CDT 2015	1426372557915	/atg/search/repository/BulkLoader	Resubmitting previously generated URL "atgrep:/ProductCatalog/category/cat10026?catalog=masterCatalog&categoryPath=/cat10016/cat10026&locale=es_US"
**** Warning	Sat Mar 14 17:35:57 CDT 2015	1426372557918	/atg/search/repository/BulkLoader	Resubmitting previously generated URL "atgrep:/ProductCatalog/category/cat10022?catalog=homeStoreCatalog&categoryPath=/cat10016/cat10022&locale=de_DE"
**** Warning	Sat Mar 14 17:35:57 CDT 2015	1426372557921	/atg/search/repository/BulkLoader	Resubmitting previously generated URL "atgrep:/ProductCatalog/category/cat10022?catalog=homeStoreCatalog&categoryPath=/cat10016/cat10022&locale=es_US"
**** Warning	Sat Mar 14 17:35:57 CDT 2015	1426372557923	/atg/search/repository/BulkLoader	Resubmitting previously generated URL "atgrep:/ProductCatalog/category/cat10024?catalog=homeStoreCatalog&categoryPath=/cat10016/cat10024&locale=de_DE"
**** Warning	Sat Mar 14 17:35:57 CDT 2015	1426372557925	/atg/search/repository/BulkLoader	Resubmitting previously generated URL "atgrep:/ProductCatalog/category/catMountedLamps?catalog=masterCatalog&categoryPath=/cat10016/cat10014/catMountedLamps&locale=de_DE"
**** Warning	Sat Mar 14 17:35:57 CDT 2015	1426372557953	/atg/search/repository/BulkLoader	Resubmitting previously generated URL "atgrep:/ProductCatalog/category/cat10020?catalog=masterCatalog&categoryPath=/cat10016/cat10020&locale=en_US"
**** Warning	Sat Mar 14 17:35:57 CDT 2015	1426372557954	/atg/search/repository/BulkLoader	Resubmitting previously generated URL "atgrep:/ProductCatalog/category/cat10026?catalog=homeStoreCatalog&categoryPath=/cat10016/cat10026&locale=en_US"
**** Warning	Sat Mar 14 17:35:57 CDT 2015	1426372557958	/atg/search/repository/BulkLoader	Resubmitting previously generated URL "atgrep:/ProductCatalog/category/cat10026?catalog=homeStoreCatalog&categoryPath=/cat10016/cat10026&locale=de_DE"
**** Warning	Sat Mar 14 17:35:57 CDT 2015	1426372557960	/atg/search/repository/BulkLoader	Resubmitting previously generated URL "atgrep:/ProductCatalog/category/cat10026?catalog=homeStoreCatalog&categoryPath=/cat10016/cat10026&locale=es_US"
**** Warning	Sat Mar 14 17:35:57 CDT 2015	1426372557968	/atg/search/repository/BulkLoader	Resubmitting previously generated URL "atgrep:/ProductCatalog/category/cat10018?catalog=masterCatalog&categoryPath=/cat10016/cat10018&locale=es_US"
**** Warning	Sat Mar 14 17:35:57 CDT 2015	1426372557974	/atg/search/repository/BulkLoader	Resubmitting previously generated URL "atgrep:/ProductCatalog/category/catMountedLamps?catalog=masterCatalog&categoryPath=/cat10016/cat10014/catMountedLamps&locale=es_US"
**** Warning	Sat Mar 14 17:35:57 CDT 2015	1426372557977	/atg/search/repository/BulkLoader	Resubmitting previously generated URL "atgrep:/ProductCatalog/category/catCandlesAndOilLamps?catalog=masterCatalog&categoryPath=/cat10016/cat10014/catCandlesAndOilLamps&locale=en_US"
**** Warning	Sat Mar 14 17:35:57 CDT 2015	1426372557979	/atg/search/repository/BulkLoader	Resubmitting previously generated URL "atgrep:/ProductCatalog/category/cat10018?catalog=homeStoreCatalog&categoryPath=/cat10016/cat10018&locale=en_US"
**** Warning	Sat Mar 14 17:35:57 CDT 2015	1426372557982	/atg/search/repository/BulkLoader	Resubmitting previously generated URL "atgrep:/ProductCatalog/category/cat10018?catalog=homeStoreCatalog&categoryPath=/cat10016/cat10018&locale=de_DE"
**** Warning	Sat Mar 14 17:35:57 CDT 2015	1426372557984	/atg/search/repository/BulkLoader	Resubmitting previously generated URL "atgrep:/ProductCatalog/category/cat10018?catalog=homeStoreCatalog&categoryPath=/cat10016/cat10018&locale=es_US"
**** Warning	Sat Mar 14 17:35:57 CDT 2015	1426372557986	/atg/search/repository/BulkLoader	Resubmitting previously generated URL "atgrep:/ProductCatalog/category/cat10020?catalog=masterCatalog&categoryPath=/cat10016/cat10020&locale=de_DE"
**** Warning	Sat Mar 14 17:35:57 CDT 2015	1426372557989	/atg/search/repository/BulkLoader	Resubmitting previously generated URL "atgrep:/ProductCatalog/category/cat10020?catalog=masterCatalog&categoryPath=/cat10016/cat10020&locale=es_US"
**** Warning	Sat Mar 14 17:35:57 CDT 2015	1426372557992	/atg/search/repository/BulkLoader	Resubmitting previously generated URL "atgrep:/ProductCatalog/category/cat10024?catalog=homeStoreCatalog&categoryPath=/cat10016/cat10024&locale=es_US"
**** Warning	Sat Mar 14 17:35:58 CDT 2015	1426372558002	/atg/search/repository/BulkLoader	Resubmitting previously generated URL "atgrep:/ProductCatalog/category/cat10020?catalog=homeStoreCatalog&categoryPath=/cat10016/cat10020&locale=en_US"
**** Warning	Sat Mar 14 17:35:58 CDT 2015	1426372558008	/atg/search/repository/BulkLoader	Resubmitting previously generated URL "atgrep:/ProductCatalog/category/cat10020?catalog=homeStoreCatalog&categoryPath=/cat10016/cat10020&locale=de_DE"
**** Warning	Sat Mar 14 17:35:58 CDT 2015	1426372558012	/atg/search/repository/BulkLoader	Resubmitting previously generated URL "atgrep:/ProductCatalog/category/cat10020?catalog=homeStoreCatalog&categoryPath=/cat10016/cat10020&locale=es_US"
**** Warning	Sat Mar 14 17:35:58 CDT 2015	1426372558016	/atg/search/repository/BulkLoader	Resubmitting previously generated URL "atgrep:/ProductCatalog/category/catCandlesAndOilLamps?catalog=masterCatalog&categoryPath=/cat10016/cat10014/catCandlesAndOilLamps&locale=de_DE"
**** Warning	Sat Mar 14 17:35:58 CDT 2015	1426372558017	/atg/search/repository/BulkLoader	Resubmitting previously generated URL "atgrep:/ProductCatalog/category/catCandlesAndOilLamps?catalog=masterCatalog&categoryPath=/cat10016/cat10014/catCandlesAndOilLamps&locale=es_US"
**** Warning	Sat Mar 14 17:35:58 CDT 2015	1426372558019	/atg/search/repository/BulkLoader	Resubmitting previously generated URL "atgrep:/ProductCatalog/category/catCandlesAndOilLamps?catalog=homeStoreCatalog&categoryPath=/cat10016/cat10014/catCandlesAndOilLamps&locale=en_US"
**** Warning	Sat Mar 14 17:35:58 CDT 2015	1426372558020	/atg/search/repository/BulkLoader	Resubmitting previously generated URL "atgrep:/ProductCatalog/category/catCandlesAndOilLamps?catalog=homeStoreCatalog&categoryPath=/cat10016/cat10014/catCandlesAndOilLamps&locale=de_DE"
**** Warning	Sat Mar 14 17:35:58 CDT 2015	1426372558022	/atg/search/repository/BulkLoader	Resubmitting previously generated URL "atgrep:/ProductCatalog/category/catCandlesAndOilLamps?catalog=homeStoreCatalog&categoryPath=/cat10016/cat10014/catCandlesAndOilLamps&locale=es_US"
**** Warning	Sat Mar 14 17:35:58 CDT 2015	1426372558023	/atg/search/repository/BulkLoader	Resubmitting previously generated URL "atgrep:/ProductCatalog/category/catMountedLamps?catalog=homeStoreCatalog&categoryPath=/cat10016/cat10014/catMountedLamps&locale=en_US"
**** Warning	Sat Mar 14 17:35:58 CDT 2015	1426372558027	/atg/commerce/endeca/index/CategoryPathVariantProducer	cannot find category in category tree: id = homeStoreRootCategory, item = category:homeStoreRootCategory, while processing property name null
**** Warning	Sat Mar 14 17:35:58 CDT 2015	1426372558030	/atg/search/repository/BulkLoader	Resubmitting previously generated URL "atgrep:/ProductCatalog/category/catMountedLamps?catalog=homeStoreCatalog&categoryPath=/cat10016/cat10014/catMountedLamps&locale=de_DE"
**** Warning	Sat Mar 14 17:35:58 CDT 2015	1426372558033	/atg/search/repository/BulkLoader	Resubmitting previously generated URL "atgrep:/ProductCatalog/category/catMountedLamps?catalog=homeStoreCatalog&categoryPath=/cat10016/cat10014/catMountedLamps&locale=es_US"
**** Warning	Sat Mar 14 17:35:58 CDT 2015	1426372558051	/atg/search/repository/BulkLoader	Resubmitting previously generated URL "atgrep:/ProductCatalog/category/cat10016?catalog=masterCatalog&categoryPath=/cat10016&locale=en_US"
**** Warning	Sat Mar 14 17:35:58 CDT 2015	1426372558056	/atg/search/repository/BulkLoader	Resubmitting previously generated URL "atgrep:/ProductCatalog/category/cat10016?catalog=masterCatalog&categoryPath=/cat10016&locale=de_DE"
**** Warning	Sat Mar 14 17:35:58 CDT 2015	1426372558059	/atg/search/repository/BulkLoader	Resubmitting previously generated URL "atgrep:/ProductCatalog/category/cat10016?catalog=masterCatalog&categoryPath=/cat10016&locale=es_US"
**** Warning	Sat Mar 14 17:35:58 CDT 2015	1426372558062	/atg/search/repository/BulkLoader	Resubmitting previously generated URL "atgrep:/ProductCatalog/category/cat10016?catalog=homeStoreCatalog&categoryPath=/cat10016&locale=en_US"
**** Warning	Sat Mar 14 17:35:58 CDT 2015	1426372558064	/atg/search/repository/BulkLoader	Resubmitting previously generated URL "atgrep:/ProductCatalog/category/cat10016?catalog=homeStoreCatalog&categoryPath=/cat10016&locale=de_DE"
**** Warning	Sat Mar 14 17:35:58 CDT 2015	1426372558066	/atg/search/repository/BulkLoader	Resubmitting previously generated URL "atgrep:/ProductCatalog/category/cat10016?catalog=homeStoreCatalog&categoryPath=/cat10016&locale=es_US"
**** Warning	Sat Mar 14 17:35:58 CDT 2015	1426372558869	/atg/search/repository/BulkLoader	Resubmitting previously generated URL "atgrep:/ProductCatalog/category/catDeskLamps?catalog=masterCatalog&categoryPath=/cat10016/cat10014/catDeskLamps&locale=de_DE"
**** Warning	Sat Mar 14 17:35:58 CDT 2015	1426372558870	/atg/search/repository/BulkLoader	Resubmitting previously generated URL "atgrep:/ProductCatalog/category/catDeskLamps?catalog=masterCatalog&categoryPath=/cat10016/cat10014/catDeskLamps&locale=es_US"
**** Warning	Sat Mar 14 17:35:58 CDT 2015	1426372558907	/atg/commerce/endeca/index/CategoryPathVariantProducer	cannot find category in category tree: id = homeStoreNonNavigableProducts, item = category:homeStoreNonNavigableProducts, while processing property name null
**** Warning	Sat Mar 14 17:35:58 CDT 2015	1426372558909	/atg/commerce/endeca/index/CategoryPathVariantProducer	cannot find category in category tree: id = NonNavigableProducts, item = category:NonNavigableProducts, while processing property name null
**** Warning	Sat Mar 14 17:35:58 CDT 2015	1426372558911	/atg/search/repository/BulkLoader	Resubmitting previously generated URL "atgrep:/ProductCatalog/category/cat10014?catalog=masterCatalog&categoryPath=/cat10016/cat10014&locale=en_US"
**** Warning	Sat Mar 14 17:35:58 CDT 2015	1426372558914	/atg/search/repository/BulkLoader	Resubmitting previously generated URL "atgrep:/ProductCatalog/category/catFloorLamps?catalog=masterCatalog&categoryPath=/cat10016/cat10014/catFloorLamps&locale=en_US"
**** Warning	Sat Mar 14 17:35:58 CDT 2015	1426372558920	/atg/search/repository/BulkLoader	Resubmitting previously generated URL "atgrep:/ProductCatalog/category/catDeskLamps?catalog=homeStoreCatalog&categoryPath=/cat10016/cat10014/catDeskLamps&locale=en_US"
**** Warning	Sat Mar 14 17:35:58 CDT 2015	1426372558992	/atg/search/repository/BulkLoader	Resubmitting previously generated URL "atgrep:/ProductCatalog/category/catDeskLamps?catalog=homeStoreCatalog&categoryPath=/cat10016/cat10014/catDeskLamps&locale=de_DE"
**** Warning	Sat Mar 14 17:35:58 CDT 2015	1426372558996	/atg/search/repository/BulkLoader	Resubmitting previously generated URL "atgrep:/ProductCatalog/category/catDeskLamps?catalog=homeStoreCatalog&categoryPath=/cat10016/cat10014/catDeskLamps&locale=es_US"
**** Warning	Sat Mar 14 17:35:58 CDT 2015	1426372558998	/atg/search/repository/BulkLoader	Resubmitting previously generated URL "atgrep:/ProductCatalog/category/catFloorLamps?catalog=masterCatalog&categoryPath=/cat10016/cat10014/catFloorLamps&locale=de_DE"
**** Warning	Sat Mar 14 17:35:58 CDT 2015	1426372558999	/atg/search/repository/BulkLoader	Resubmitting previously generated URL "atgrep:/ProductCatalog/category/cat10014?catalog=masterCatalog&categoryPath=/cat10016/cat10014&locale=de_DE"
**** Warning	Sat Mar 14 17:35:59 CDT 2015	1426372559000	/atg/search/repository/BulkLoader	Resubmitting previously generated URL "atgrep:/ProductCatalog/category/cat10014?catalog=masterCatalog&categoryPath=/cat10016/cat10014&locale=es_US"
**** Warning	Sat Mar 14 17:35:59 CDT 2015	1426372559010	/atg/search/repository/BulkLoader	Resubmitting previously generated URL "atgrep:/ProductCatalog/category/catFloorLamps?catalog=masterCatalog&categoryPath=/cat10016/cat10014/catFloorLamps&locale=es_US"
**** Warning	Sat Mar 14 17:35:59 CDT 2015	1426372559016	/atg/search/repository/BulkLoader	Resubmitting previously generated URL "atgrep:/ProductCatalog/category/catFloorLamps?catalog=homeStoreCatalog&categoryPath=/cat10016/cat10014/catFloorLamps&locale=en_US"
**** Warning	Sat Mar 14 17:35:59 CDT 2015	1426372559045	/atg/search/repository/BulkLoader	Resubmitting previously generated URL "atgrep:/ProductCatalog/category/catFloorLamps?catalog=homeStoreCatalog&categoryPath=/cat10016/cat10014/catFloorLamps&locale=de_DE"
**** Warning	Sat Mar 14 17:35:59 CDT 2015	1426372559075	/atg/search/repository/BulkLoader	Resubmitting previously generated URL "atgrep:/ProductCatalog/category/catFloorLamps?catalog=homeStoreCatalog&categoryPath=/cat10016/cat10014/catFloorLamps&locale=es_US"
**** Warning	Sat Mar 14 17:35:59 CDT 2015	1426372559079	/atg/search/repository/BulkLoader	Resubmitting previously generated URL "atgrep:/ProductCatalog/category/cat10014?catalog=homeStoreCatalog&categoryPath=/cat10016/cat10014&locale=en_US"
**** Warning	Sat Mar 14 17:35:59 CDT 2015	1426372559085	/atg/search/repository/BulkLoader	Resubmitting previously generated URL "atgrep:/ProductCatalog/category/cat10014?catalog=homeStoreCatalog&categoryPath=/cat10016/cat10014&locale=de_DE"
**** Warning	Sat Mar 14 17:35:59 CDT 2015	1426372559094	/atg/search/repository/BulkLoader	Resubmitting previously generated URL "atgrep:/ProductCatalog/category/cat10014?catalog=homeStoreCatalog&categoryPath=/cat10016/cat10014&locale=es_US"
**** Warning	Sat Mar 14 17:35:59 CDT 2015	1426372559256	/atg/search/repository/BulkLoader	Resubmitting previously generated URL "atgrep:/ProductCatalog/category/catTableLamps?catalog=masterCatalog&categoryPath=/cat10016/cat10014/catTableLamps&locale=en_US"
**** Warning	Sat Mar 14 17:35:59 CDT 2015	1426372559257	/atg/search/repository/BulkLoader	Resubmitting previously generated URL "atgrep:/ProductCatalog/category/catTableLamps?catalog=masterCatalog&categoryPath=/cat10016/cat10014/catTableLamps&locale=de_DE"
**** Warning	Sat Mar 14 17:35:59 CDT 2015	1426372559259	/atg/search/repository/BulkLoader	Resubmitting previously generated URL "atgrep:/ProductCatalog/category/catTableLamps?catalog=masterCatalog&categoryPath=/cat10016/cat10014/catTableLamps&locale=es_US"
**** Warning	Sat Mar 14 17:35:59 CDT 2015	1426372559260	/atg/search/repository/BulkLoader	Resubmitting previously generated URL "atgrep:/ProductCatalog/category/catTableLamps?catalog=homeStoreCatalog&categoryPath=/cat10016/cat10014/catTableLamps&locale=en_US"
**** Warning	Sat Mar 14 17:35:59 CDT 2015	1426372559261	/atg/search/repository/BulkLoader	Resubmitting previously generated URL "atgrep:/ProductCatalog/category/catTableLamps?catalog=homeStoreCatalog&categoryPath=/cat10016/cat10014/catTableLamps&locale=de_DE"
**** Warning	Sat Mar 14 17:35:59 CDT 2015	1426372559262	/atg/search/repository/BulkLoader	Resubmitting previously generated URL "atgrep:/ProductCatalog/category/catTableLamps?catalog=homeStoreCatalog&categoryPath=/cat10016/cat10014/catTableLamps&locale=es_US"
**** Warning	Sat Mar 14 17:38:39 CDT 2015	1426372719555	/atg/commerce/endeca/index/accessor/ActivePriceAccessor	Invoked the activePriceCalculator for item sku:missing_product_sku and received {}. A Map of size 1 was expected. This may indicate the item does not appear in any price list. Returning null.
**** Warning	Sat Mar 14 17:39:19 CDT 2015	1426372759390	/atg/commerce/endeca/index/accessor/ActivePriceAccessor	Invoked the activePriceCalculator for item sku:missing_product_sku and received {}. A Map of size 1 was expected. This may indicate the item does not appear in any price list. Returning null.
**** Warning	Sat Mar 14 17:40:52 CDT 2015	1426372852798	/atg/commerce/endeca/index/accessor/ActivePriceAccessor	Invoked the activePriceCalculator for item sku:missing_product_sku and received {}. A Map of size 1 was expected. This may indicate the item does not appear in any price list. Returning null.
**** Warning	Sat Mar 14 17:40:52 CDT 2015	1426372852805	/atg/commerce/endeca/index/accessor/ActivePriceAccessor	Invoked the activePriceCalculator for item sku:missing_product_sku and received {}. A Map of size 1 was expected. This may indicate the item does not appear in any price list. Returning null.
**** Warning	Sat Mar 14 17:42:15 CDT 2015	1426372935152	/atg/commerce/endeca/index/accessor/ActivePriceAccessor	Invoked the activePriceCalculator for item sku:missing_product_sku and received {}. A Map of size 1 was expected. This may indicate the item does not appear in any price list. Returning null.
**** Warning	Sat Mar 14 17:42:15 CDT 2015	1426372935154	/atg/commerce/endeca/index/accessor/ActivePriceAccessor	Invoked the activePriceCalculator for item sku:missing_product_sku and received {}. A Map of size 1 was expected. This may indicate the item does not appear in any price list. Returning null.
**** Warning	Sat Mar 14 17:42:15 CDT 2015	1426372935169	/atg/commerce/endeca/index/accessor/ActivePriceAccessor	Invoked the activePriceCalculator for item sku:missing_product_sku and received {}. A Map of size 1 was expected. This may indicate the item does not appear in any price list. Returning null.
**** Warning	Sat Mar 14 17:42:15 CDT 2015	1426372935172	/atg/commerce/endeca/index/accessor/ActivePriceAccessor	Invoked the activePriceCalculator for item sku:missing_product_sku and received {}. A Map of size 1 was expected. This may indicate the item does not appear in any price list. Returning null.
**** Warning	Sat Mar 14 17:50:51 CDT 2015	1426373451436	/atg/commerce/endeca/index/accessor/ActivePriceAccessor	Invoked the activePriceCalculator for item clothing-sku:sku40039 and received {}. A Map of size 1 was expected. This may indicate the item does not appear in any price list. Returning null.
**** Warning	Sat Mar 14 17:50:51 CDT 2015	1426373451509	/atg/commerce/endeca/index/accessor/ActivePriceAccessor	Invoked the activePriceCalculator for item clothing-sku:sku40039 and received {}. A Map of size 1 was expected. This may indicate the item does not appear in any price list. Returning null.
**** Warning	Sat Mar 14 17:50:51 CDT 2015	1426373451559	/atg/commerce/endeca/index/accessor/ActivePriceAccessor	Invoked the activePriceCalculator for item clothing-sku:sku40041 and received {}. A Map of size 1 was expected. This may indicate the item does not appear in any price list. Returning null.
**** Warning	Sat Mar 14 18:02:43 CDT 2015	1426374163654	/atg/userprofiling/ProfileActor	[WARNING][/atg/userprofiling/ProfileActor(removeAddress)] No success URL found for form handler /atg/userprofiling/ProfileFormHandler
**** Warning	Sat Mar 14 18:02:43 CDT 2015	1426374163655	/atg/userprofiling/ProfileActor	[WARNING][/atg/userprofiling/ProfileActor(removeAddress)] No error URL found for form handler /atg/userprofiling/ProfileFormHandler
**** Warning	Sat Mar 14 18:02:44 CDT 2015	1426374164406	/atg/commerce/custsvc/returns/ReturnsActor	[WARNING][/atg/commerce/custsvc/returns/ReturnsActor(confirmReturn)] No success URL found for form handler /atg/commerce/custsvc/returns/BaseReturnFormHandler
**** Warning	Sat Mar 14 18:02:44 CDT 2015	1426374164407	/atg/commerce/custsvc/returns/ReturnsActor	[WARNING][/atg/commerce/custsvc/returns/ReturnsActor(createReturnAndSelectItems)] No success URL found for form handler /atg/commerce/custsvc/returns/BaseReturnFormHandler
**** Warning	Sat Mar 14 18:02:44 CDT 2015	1426374164407	/atg/commerce/custsvc/returns/ReturnsActor	[WARNING][/atg/commerce/custsvc/returns/ReturnsActor(createReturnAndSelectItems)] No success URL found for form handler /atg/commerce/custsvc/returns/BaseReturnFormHandler
**** Warning	Sat Mar 14 18:02:45 CDT 2015	1426374165317	/atg/commerce/order/purchase/ShippingGroupActor	[WARNING][/atg/commerce/order/purchase/ShippingGroupActor(getShippingAddresses)] No success URL found for form handler /atg/commerce/order/purchase/ShippingGroupFormHandler
**** Warning	Sat Mar 14 18:02:45 CDT 2015	1426374165318	/atg/commerce/order/purchase/ShippingGroupActor	[WARNING][/atg/commerce/order/purchase/ShippingGroupActor(getShippingAddresses)] No error URL found for form handler /atg/commerce/order/purchase/ShippingGroupFormHandler
**** Warning	Sat Mar 14 18:02:45 CDT 2015	1426374165318	/atg/commerce/order/purchase/ShippingGroupActor	[WARNING][/atg/commerce/order/purchase/ShippingGroupActor(editShippingAddress)] No success URL found for form handler /atg/commerce/order/purchase/ShippingGroupFormHandler
**** Warning	Sat Mar 14 18:02:46 CDT 2015	1426374166604	/atg/store/mobile/order/purchase/MobileBillingFormHandlerActor	[WARNING][/atg/store/mobile/order/purchase/MobileBillingFormHandlerActor(applyStoreCredits)] No success URL found for form handler /atg/store/mobile/order/purchase/BillingFormHandler
**** Warning	Sat Mar 14 18:02:46 CDT 2015	1426374166605	/atg/store/mobile/order/purchase/MobileBillingFormHandlerActor	[WARNING][/atg/store/mobile/order/purchase/MobileBillingFormHandlerActor(applyStoreCredits)] No error URL found for form handler /atg/store/mobile/order/purchase/BillingFormHandler
**** Warning	Sat Mar 14 18:02:47 CDT 2015	1426374167062	/atg/commerce/gifts/GiftlistActor	[WARNING][/atg/commerce/gifts/GiftlistActor(addToGiftList)] No success URL found for form handler /atg/commerce/gifts/GiftlistFormHandler
**** Warning	Sat Mar 14 18:02:47 CDT 2015	1426374167063	/atg/commerce/gifts/GiftlistActor	[WARNING][/atg/commerce/gifts/GiftlistActor(removeGiftItem)] No success URL found for form handler /atg/commerce/gifts/GiftlistFormHandler
**** Warning	Sat Mar 14 18:02:47 CDT 2015	1426374167063	/atg/commerce/gifts/GiftlistActor	[WARNING][/atg/commerce/gifts/GiftlistActor(removeGiftList)] No success URL found for form handler /atg/commerce/gifts/GiftlistFormHandler
**** Warning	Sat Mar 14 18:02:47 CDT 2015	1426374167063	/atg/commerce/gifts/GiftlistActor	[WARNING][/atg/commerce/gifts/GiftlistActor(updateGiftList)] No success URL found for form handler /atg/commerce/gifts/GiftlistFormHandler
**** Warning	Sat Mar 14 18:02:47 CDT 2015	1426374167064	/atg/commerce/gifts/GiftlistActor	[WARNING][/atg/commerce/gifts/GiftlistActor(removeAllItems)] No success URL found for form handler /atg/commerce/gifts/GiftlistFormHandler
**** Warning	Sat Mar 14 18:02:47 CDT 2015	1426374167064	/atg/commerce/gifts/GiftlistActor	[WARNING][/atg/commerce/gifts/GiftlistActor(removeAllItems)] No error URL found for form handler /atg/commerce/gifts/GiftlistFormHandler
**** Warning	Sat Mar 14 18:02:47 CDT 2015	1426374167064	/atg/commerce/gifts/GiftlistActor	[WARNING][/atg/commerce/gifts/GiftlistActor(moveToWishList)] No success URL found for form handler /atg/commerce/gifts/GiftlistFormHandler
**** Warning	Sat Mar 14 18:02:47 CDT 2015	1426374167064	/atg/commerce/gifts/GiftlistActor	[WARNING][/atg/commerce/gifts/GiftlistActor(moveToWishList)] No error URL found for form handler /atg/commerce/gifts/GiftlistFormHandler
**** Warning	Sat Mar 14 18:02:47 CDT 2015	1426374167064	/atg/commerce/gifts/GiftlistActor	[WARNING][/atg/commerce/gifts/GiftlistActor(copyToWishList)] No success URL found for form handler /atg/commerce/gifts/GiftlistFormHandler
**** Warning	Sat Mar 14 18:02:47 CDT 2015	1426374167064	/atg/commerce/gifts/GiftlistActor	[WARNING][/atg/commerce/gifts/GiftlistActor(copyToWishList)] No error URL found for form handler /atg/commerce/gifts/GiftlistFormHandler
**** Warning	Sat Mar 14 18:02:47 CDT 2015	1426374167065	/atg/commerce/gifts/GiftlistActor	[WARNING][/atg/commerce/gifts/GiftlistActor(moveToGiftList)] No success URL found for form handler /atg/commerce/gifts/GiftlistFormHandler
**** Warning	Sat Mar 14 18:02:47 CDT 2015	1426374167065	/atg/commerce/gifts/GiftlistActor	[WARNING][/atg/commerce/gifts/GiftlistActor(moveToGiftList)] No error URL found for form handler /atg/commerce/gifts/GiftlistFormHandler
**** Warning	Sat Mar 14 18:02:47 CDT 2015	1426374167065	/atg/commerce/gifts/GiftlistActor	[WARNING][/atg/commerce/gifts/GiftlistActor(copyToGiftList)] No success URL found for form handler /atg/commerce/gifts/GiftlistFormHandler
**** Warning	Sat Mar 14 18:02:47 CDT 2015	1426374167065	/atg/commerce/gifts/GiftlistActor	[WARNING][/atg/commerce/gifts/GiftlistActor(copyToGiftList)] No error URL found for form handler /atg/commerce/gifts/GiftlistFormHandler
**** Warning	Sat Mar 14 18:15:03 CDT 2015	1426374903478	/atg/dynamo/service/jmdns/ClusterBroadcaster	Truncating value for serviceProperties key 'commandLineModules'.
**** Warning	Sat Mar 14 18:15:29 CDT 2015	1426374929810	DistributorSender	No remote servers configured
**** Warning	Sat Mar 14 18:15:38 CDT 2015	1426374938762	/atg/commerce/fulfillment/FulfillmentPipelineManager	There is no transition to link [verifyShipItemRelationshipForRemoval] in the XML configuration file.
**** Warning	Sat Mar 14 18:15:56 CDT 2015	1426374956582	/atg/dynamo/messaging/MessagingManager	Disabling rollback logging for InputDestinationConsumer in order to reduce clutter. Set disableDebugTracesForRollbacksForInputDestinationConsumer on /atg/dynamo/messaging/MessagingManager to false to re-enable for InputDestinationConsumer.
**** Warning	Sat Mar 14 18:15:57 CDT 2015	1426374957744	DistributorSender	No remote servers configured
**** Warning	Sat Mar 14 18:15:59 CDT 2015	1426374959397	/atg/rest/security/RestSecurityManager	Property "secure" is set to false for method loginUser:NULL in component /atg/userprofiling/ProfileServices
**** Warning	Sat Mar 14 18:15:59 CDT 2015	1426374959398	/atg/rest/security/RestSecurityManager	Property "secure" is set to false for method logoutUser:NULL in component /atg/userprofiling/ProfileServices
**** Warning	Sat Mar 14 18:15:59 CDT 2015	1426374959411	/atg/rest/security/RestSecurityManager	Property "secure" is set to false for method login:NULL in component /atg/userprofiling/ProfileFormHandler
**** Warning	Sat Mar 14 18:15:59 CDT 2015	1426374959411	/atg/rest/security/RestSecurityManager	Property "secure" is set to false for method logout:NULL in component /atg/userprofiling/ProfileFormHandler
**** Warning	Sat Mar 14 18:15:59 CDT 2015	1426374959411	/atg/rest/security/RestSecurityManager	Property "secure" is set to false for property value.login in component /atg/userprofiling/InternalProfileFormHandler
**** Warning	Sat Mar 14 18:15:59 CDT 2015	1426374959412	/atg/rest/security/RestSecurityManager	Property "secure" is set to false for property value.password in component /atg/userprofiling/InternalProfileFormHandler
**** Warning	Sat Mar 14 18:15:59 CDT 2015	1426374959412	/atg/rest/security/RestSecurityManager	Property "secure" is set to false for property loginErrorURL in component /atg/userprofiling/InternalProfileFormHandler
**** Warning	Sat Mar 14 18:15:59 CDT 2015	1426374959412	/atg/rest/security/RestSecurityManager	Property "secure" is set to false for property logoutErrorURL in component /atg/userprofiling/InternalProfileFormHandler
**** Warning	Sat Mar 14 18:15:59 CDT 2015	1426374959414	/atg/rest/security/RestSecurityManager	Property "secure" is set to false for method handleLogin:NULL in component /atg/userprofiling/InternalProfileFormHandler
**** Warning	Sat Mar 14 18:15:59 CDT 2015	1426374959414	/atg/rest/security/RestSecurityManager	Property "secure" is set to false for method handleLogout:NULL in component /atg/userprofiling/InternalProfileFormHandler
**** Warning	Sat Mar 14 18:15:59 CDT 2015	1426374959414	/atg/rest/security/RestSecurityManager	Property "secure" is set to false for property defaultOutputCustomizer in component /atg/rest/Configuration
**** Warning	Sat Mar 14 18:15:59 CDT 2015	1426374959414	/atg/rest/security/RestSecurityManager	Property "secure" is set to false for property defaultInputCustomizer in component /atg/rest/Configuration
**** Warning	Sat Mar 14 18:15:59 CDT 2015	1426374959416	/atg/rest/security/RestSecurityManager	Property "secure" is set to false for property sessionConfirmationNumber in component /atg/rest/SessionConfirmation
**** Warning	Sat Mar 14 18:16:01 CDT 2015	1426374961253	/atg/dynamo/service/fluoroscope/listener/PositionMarkingSensorListener	Disabling the caching droplet..
**** Warning	Sat Mar 14 18:16:01 CDT 2015	1426374961329	/atg/dynamo/service/ServerLockManager	No backup server is configured for Lock Server Avul-PC/192.168.1.80:9012 It becomes Primary Server
**** Warning	Sat Mar 14 18:35:14 CDT 2015	1426376114966	/atg/userprofiling/ProfileActor	[WARNING][/atg/userprofiling/ProfileActor(removeAddress)] No success URL found for form handler /atg/userprofiling/ProfileFormHandler
**** Warning	Sat Mar 14 18:35:14 CDT 2015	1426376114966	/atg/userprofiling/ProfileActor	[WARNING][/atg/userprofiling/ProfileActor(removeAddress)] No error URL found for form handler /atg/userprofiling/ProfileFormHandler
**** Warning	Sat Mar 14 18:35:16 CDT 2015	1426376116000	/atg/commerce/custsvc/returns/ReturnsActor	[WARNING][/atg/commerce/custsvc/returns/ReturnsActor(confirmReturn)] No success URL found for form handler /atg/commerce/custsvc/returns/BaseReturnFormHandler
**** Warning	Sat Mar 14 18:35:16 CDT 2015	1426376116001	/atg/commerce/custsvc/returns/ReturnsActor	[WARNING][/atg/commerce/custsvc/returns/ReturnsActor(createReturnAndSelectItems)] No success URL found for form handler /atg/commerce/custsvc/returns/BaseReturnFormHandler
**** Warning	Sat Mar 14 18:35:16 CDT 2015	1426376116002	/atg/commerce/custsvc/returns/ReturnsActor	[WARNING][/atg/commerce/custsvc/returns/ReturnsActor(createReturnAndSelectItems)] No success URL found for form handler /atg/commerce/custsvc/returns/BaseReturnFormHandler
**** Warning	Sat Mar 14 18:35:17 CDT 2015	1426376117315	/atg/commerce/order/purchase/ShippingGroupActor	[WARNING][/atg/commerce/order/purchase/ShippingGroupActor(getShippingAddresses)] No success URL found for form handler /atg/commerce/order/purchase/ShippingGroupFormHandler
**** Warning	Sat Mar 14 18:35:17 CDT 2015	1426376117316	/atg/commerce/order/purchase/ShippingGroupActor	[WARNING][/atg/commerce/order/purchase/ShippingGroupActor(getShippingAddresses)] No error URL found for form handler /atg/commerce/order/purchase/ShippingGroupFormHandler
**** Warning	Sat Mar 14 18:35:17 CDT 2015	1426376117316	/atg/commerce/order/purchase/ShippingGroupActor	[WARNING][/atg/commerce/order/purchase/ShippingGroupActor(editShippingAddress)] No success URL found for form handler /atg/commerce/order/purchase/ShippingGroupFormHandler
**** Warning	Sat Mar 14 18:35:19 CDT 2015	1426376119600	/atg/store/mobile/order/purchase/MobileBillingFormHandlerActor	[WARNING][/atg/store/mobile/order/purchase/MobileBillingFormHandlerActor(applyStoreCredits)] No success URL found for form handler /atg/store/mobile/order/purchase/BillingFormHandler
**** Warning	Sat Mar 14 18:35:19 CDT 2015	1426376119601	/atg/store/mobile/order/purchase/MobileBillingFormHandlerActor	[WARNING][/atg/store/mobile/order/purchase/MobileBillingFormHandlerActor(applyStoreCredits)] No error URL found for form handler /atg/store/mobile/order/purchase/BillingFormHandler
**** Warning	Sat Mar 14 18:35:20 CDT 2015	1426376120039	/atg/commerce/gifts/GiftlistActor	[WARNING][/atg/commerce/gifts/GiftlistActor(addToGiftList)] No success URL found for form handler /atg/commerce/gifts/GiftlistFormHandler
**** Warning	Sat Mar 14 18:35:20 CDT 2015	1426376120040	/atg/commerce/gifts/GiftlistActor	[WARNING][/atg/commerce/gifts/GiftlistActor(removeGiftItem)] No success URL found for form handler /atg/commerce/gifts/GiftlistFormHandler
**** Warning	Sat Mar 14 18:35:20 CDT 2015	1426376120040	/atg/commerce/gifts/GiftlistActor	[WARNING][/atg/commerce/gifts/GiftlistActor(removeGiftList)] No success URL found for form handler /atg/commerce/gifts/GiftlistFormHandler
**** Warning	Sat Mar 14 18:35:20 CDT 2015	1426376120040	/atg/commerce/gifts/GiftlistActor	[WARNING][/atg/commerce/gifts/GiftlistActor(updateGiftList)] No success URL found for form handler /atg/commerce/gifts/GiftlistFormHandler
**** Warning	Sat Mar 14 18:35:20 CDT 2015	1426376120040	/atg/commerce/gifts/GiftlistActor	[WARNING][/atg/commerce/gifts/GiftlistActor(removeAllItems)] No success URL found for form handler /atg/commerce/gifts/GiftlistFormHandler
**** Warning	Sat Mar 14 18:35:20 CDT 2015	1426376120041	/atg/commerce/gifts/GiftlistActor	[WARNING][/atg/commerce/gifts/GiftlistActor(removeAllItems)] No error URL found for form handler /atg/commerce/gifts/GiftlistFormHandler
**** Warning	Sat Mar 14 18:35:20 CDT 2015	1426376120041	/atg/commerce/gifts/GiftlistActor	[WARNING][/atg/commerce/gifts/GiftlistActor(moveToWishList)] No success URL found for form handler /atg/commerce/gifts/GiftlistFormHandler
**** Warning	Sat Mar 14 18:35:20 CDT 2015	1426376120041	/atg/commerce/gifts/GiftlistActor	[WARNING][/atg/commerce/gifts/GiftlistActor(moveToWishList)] No error URL found for form handler /atg/commerce/gifts/GiftlistFormHandler
**** Warning	Sat Mar 14 18:35:20 CDT 2015	1426376120041	/atg/commerce/gifts/GiftlistActor	[WARNING][/atg/commerce/gifts/GiftlistActor(copyToWishList)] No success URL found for form handler /atg/commerce/gifts/GiftlistFormHandler
**** Warning	Sat Mar 14 18:35:20 CDT 2015	1426376120041	/atg/commerce/gifts/GiftlistActor	[WARNING][/atg/commerce/gifts/GiftlistActor(copyToWishList)] No error URL found for form handler /atg/commerce/gifts/GiftlistFormHandler
**** Warning	Sat Mar 14 18:35:20 CDT 2015	1426376120041	/atg/commerce/gifts/GiftlistActor	[WARNING][/atg/commerce/gifts/GiftlistActor(moveToGiftList)] No success URL found for form handler /atg/commerce/gifts/GiftlistFormHandler
**** Warning	Sat Mar 14 18:35:20 CDT 2015	1426376120042	/atg/commerce/gifts/GiftlistActor	[WARNING][/atg/commerce/gifts/GiftlistActor(moveToGiftList)] No error URL found for form handler /atg/commerce/gifts/GiftlistFormHandler
**** Warning	Sat Mar 14 18:35:20 CDT 2015	1426376120042	/atg/commerce/gifts/GiftlistActor	[WARNING][/atg/commerce/gifts/GiftlistActor(copyToGiftList)] No success URL found for form handler /atg/commerce/gifts/GiftlistFormHandler
**** Warning	Sat Mar 14 18:35:20 CDT 2015	1426376120042	/atg/commerce/gifts/GiftlistActor	[WARNING][/atg/commerce/gifts/GiftlistActor(copyToGiftList)] No error URL found for form handler /atg/commerce/gifts/GiftlistFormHandler
**** Warning	Sat Mar 14 18:47:16 CDT 2015	1426376836898	/atg/dynamo/service/jmdns/ClusterBroadcaster	Truncating value for serviceProperties key 'commandLineModules'.
**** Warning	Sat Mar 14 18:47:26 CDT 2015	1426376846339	DistributorSender	No remote servers configured
**** Warning	Sat Mar 14 18:47:30 CDT 2015	1426376850420	/atg/commerce/fulfillment/FulfillmentPipelineManager	There is no transition to link [verifyShipItemRelationshipForRemoval] in the XML configuration file.
**** Warning	Sat Mar 14 18:47:40 CDT 2015	1426376860025	/atg/dynamo/messaging/MessagingManager	Disabling rollback logging for InputDestinationConsumer in order to reduce clutter. Set disableDebugTracesForRollbacksForInputDestinationConsumer on /atg/dynamo/messaging/MessagingManager to false to re-enable for InputDestinationConsumer.
**** Warning	Sat Mar 14 18:47:43 CDT 2015	1426376863748	DistributorSender	No remote servers configured
**** Warning	Sat Mar 14 18:47:45 CDT 2015	1426376865738	/atg/rest/security/RestSecurityManager	Property "secure" is set to false for method loginUser:NULL in component /atg/userprofiling/ProfileServices
**** Warning	Sat Mar 14 18:47:45 CDT 2015	1426376865739	/atg/rest/security/RestSecurityManager	Property "secure" is set to false for method logoutUser:NULL in component /atg/userprofiling/ProfileServices
**** Warning	Sat Mar 14 18:47:45 CDT 2015	1426376865753	/atg/rest/security/RestSecurityManager	Property "secure" is set to false for method login:NULL in component /atg/userprofiling/ProfileFormHandler
**** Warning	Sat Mar 14 18:47:45 CDT 2015	1426376865753	/atg/rest/security/RestSecurityManager	Property "secure" is set to false for method logout:NULL in component /atg/userprofiling/ProfileFormHandler
**** Warning	Sat Mar 14 18:47:45 CDT 2015	1426376865754	/atg/rest/security/RestSecurityManager	Property "secure" is set to false for property value.login in component /atg/userprofiling/InternalProfileFormHandler
**** Warning	Sat Mar 14 18:47:45 CDT 2015	1426376865755	/atg/rest/security/RestSecurityManager	Property "secure" is set to false for property value.password in component /atg/userprofiling/InternalProfileFormHandler
**** Warning	Sat Mar 14 18:47:45 CDT 2015	1426376865755	/atg/rest/security/RestSecurityManager	Property "secure" is set to false for property loginErrorURL in component /atg/userprofiling/InternalProfileFormHandler
**** Warning	Sat Mar 14 18:47:45 CDT 2015	1426376865756	/atg/rest/security/RestSecurityManager	Property "secure" is set to false for property logoutErrorURL in component /atg/userprofiling/InternalProfileFormHandler
**** Warning	Sat Mar 14 18:47:45 CDT 2015	1426376865757	/atg/rest/security/RestSecurityManager	Property "secure" is set to false for method handleLogin:NULL in component /atg/userprofiling/InternalProfileFormHandler
**** Warning	Sat Mar 14 18:47:45 CDT 2015	1426376865758	/atg/rest/security/RestSecurityManager	Property "secure" is set to false for method handleLogout:NULL in component /atg/userprofiling/InternalProfileFormHandler
**** Warning	Sat Mar 14 18:47:45 CDT 2015	1426376865758	/atg/rest/security/RestSecurityManager	Property "secure" is set to false for property defaultOutputCustomizer in component /atg/rest/Configuration
**** Warning	Sat Mar 14 18:47:45 CDT 2015	1426376865759	/atg/rest/security/RestSecurityManager	Property "secure" is set to false for property defaultInputCustomizer in component /atg/rest/Configuration
**** Warning	Sat Mar 14 18:47:45 CDT 2015	1426376865760	/atg/rest/security/RestSecurityManager	Property "secure" is set to false for property sessionConfirmationNumber in component /atg/rest/SessionConfirmation
**** Warning	Sat Mar 14 18:47:46 CDT 2015	1426376866486	/atg/dynamo/service/fluoroscope/listener/PositionMarkingSensorListener	Disabling the caching droplet..
**** Warning	Sat Mar 14 18:47:46 CDT 2015	1426376866529	/atg/dynamo/service/ServerLockManager	No backup server is configured for Lock Server Avul-PC/192.168.1.80:9012 It becomes Primary Server
**** Warning	Sat Mar 14 18:49:41 CDT 2015	1426376981716	/atg/userprofiling/ProfileActor	[WARNING][/atg/userprofiling/ProfileActor(removeAddress)] No success URL found for form handler /atg/userprofiling/ProfileFormHandler
**** Warning	Sat Mar 14 18:49:41 CDT 2015	1426376981717	/atg/userprofiling/ProfileActor	[WARNING][/atg/userprofiling/ProfileActor(removeAddress)] No error URL found for form handler /atg/userprofiling/ProfileFormHandler
**** Warning	Sat Mar 14 18:49:42 CDT 2015	1426376982434	/atg/commerce/custsvc/returns/ReturnsActor	[WARNING][/atg/commerce/custsvc/returns/ReturnsActor(confirmReturn)] No success URL found for form handler /atg/commerce/custsvc/returns/BaseReturnFormHandler
**** Warning	Sat Mar 14 18:49:42 CDT 2015	1426376982435	/atg/commerce/custsvc/returns/ReturnsActor	[WARNING][/atg/commerce/custsvc/returns/ReturnsActor(createReturnAndSelectItems)] No success URL found for form handler /atg/commerce/custsvc/returns/BaseReturnFormHandler
**** Warning	Sat Mar 14 18:49:42 CDT 2015	1426376982435	/atg/commerce/custsvc/returns/ReturnsActor	[WARNING][/atg/commerce/custsvc/returns/ReturnsActor(createReturnAndSelectItems)] No success URL found for form handler /atg/commerce/custsvc/returns/BaseReturnFormHandler
**** Warning	Sat Mar 14 18:49:43 CDT 2015	1426376983375	/atg/commerce/order/purchase/ShippingGroupActor	[WARNING][/atg/commerce/order/purchase/ShippingGroupActor(getShippingAddresses)] No success URL found for form handler /atg/commerce/order/purchase/ShippingGroupFormHandler
**** Warning	Sat Mar 14 18:49:43 CDT 2015	1426376983376	/atg/commerce/order/purchase/ShippingGroupActor	[WARNING][/atg/commerce/order/purchase/ShippingGroupActor(getShippingAddresses)] No error URL found for form handler /atg/commerce/order/purchase/ShippingGroupFormHandler
**** Warning	Sat Mar 14 18:49:43 CDT 2015	1426376983377	/atg/commerce/order/purchase/ShippingGroupActor	[WARNING][/atg/commerce/order/purchase/ShippingGroupActor(editShippingAddress)] No success URL found for form handler /atg/commerce/order/purchase/ShippingGroupFormHandler
**** Warning	Sat Mar 14 18:49:45 CDT 2015	1426376985610	/atg/store/mobile/order/purchase/MobileBillingFormHandlerActor	[WARNING][/atg/store/mobile/order/purchase/MobileBillingFormHandlerActor(applyStoreCredits)] No success URL found for form handler /atg/store/mobile/order/purchase/BillingFormHandler
**** Warning	Sat Mar 14 18:49:45 CDT 2015	1426376985611	/atg/store/mobile/order/purchase/MobileBillingFormHandlerActor	[WARNING][/atg/store/mobile/order/purchase/MobileBillingFormHandlerActor(applyStoreCredits)] No error URL found for form handler /atg/store/mobile/order/purchase/BillingFormHandler
**** Warning	Sat Mar 14 18:49:45 CDT 2015	1426376985992	/atg/commerce/gifts/GiftlistActor	[WARNING][/atg/commerce/gifts/GiftlistActor(addToGiftList)] No success URL found for form handler /atg/commerce/gifts/GiftlistFormHandler
**** Warning	Sat Mar 14 18:49:45 CDT 2015	1426376985993	/atg/commerce/gifts/GiftlistActor	[WARNING][/atg/commerce/gifts/GiftlistActor(removeGiftItem)] No success URL found for form handler /atg/commerce/gifts/GiftlistFormHandler
**** Warning	Sat Mar 14 18:49:45 CDT 2015	1426376985993	/atg/commerce/gifts/GiftlistActor	[WARNING][/atg/commerce/gifts/GiftlistActor(removeGiftList)] No success URL found for form handler /atg/commerce/gifts/GiftlistFormHandler
**** Warning	Sat Mar 14 18:49:45 CDT 2015	1426376985993	/atg/commerce/gifts/GiftlistActor	[WARNING][/atg/commerce/gifts/GiftlistActor(updateGiftList)] No success URL found for form handler /atg/commerce/gifts/GiftlistFormHandler
**** Warning	Sat Mar 14 18:49:45 CDT 2015	1426376985993	/atg/commerce/gifts/GiftlistActor	[WARNING][/atg/commerce/gifts/GiftlistActor(removeAllItems)] No success URL found for form handler /atg/commerce/gifts/GiftlistFormHandler
**** Warning	Sat Mar 14 18:49:45 CDT 2015	1426376985994	/atg/commerce/gifts/GiftlistActor	[WARNING][/atg/commerce/gifts/GiftlistActor(removeAllItems)] No error URL found for form handler /atg/commerce/gifts/GiftlistFormHandler
**** Warning	Sat Mar 14 18:49:45 CDT 2015	1426376985994	/atg/commerce/gifts/GiftlistActor	[WARNING][/atg/commerce/gifts/GiftlistActor(moveToWishList)] No success URL found for form handler /atg/commerce/gifts/GiftlistFormHandler
**** Warning	Sat Mar 14 18:49:45 CDT 2015	1426376985994	/atg/commerce/gifts/GiftlistActor	[WARNING][/atg/commerce/gifts/GiftlistActor(moveToWishList)] No error URL found for form handler /atg/commerce/gifts/GiftlistFormHandler
**** Warning	Sat Mar 14 18:49:45 CDT 2015	1426376985994	/atg/commerce/gifts/GiftlistActor	[WARNING][/atg/commerce/gifts/GiftlistActor(copyToWishList)] No success URL found for form handler /atg/commerce/gifts/GiftlistFormHandler
**** Warning	Sat Mar 14 18:49:45 CDT 2015	1426376985994	/atg/commerce/gifts/GiftlistActor	[WARNING][/atg/commerce/gifts/GiftlistActor(copyToWishList)] No error URL found for form handler /atg/commerce/gifts/GiftlistFormHandler
**** Warning	Sat Mar 14 18:49:45 CDT 2015	1426376985994	/atg/commerce/gifts/GiftlistActor	[WARNING][/atg/commerce/gifts/GiftlistActor(moveToGiftList)] No success URL found for form handler /atg/commerce/gifts/GiftlistFormHandler
**** Warning	Sat Mar 14 18:49:45 CDT 2015	1426376985995	/atg/commerce/gifts/GiftlistActor	[WARNING][/atg/commerce/gifts/GiftlistActor(moveToGiftList)] No error URL found for form handler /atg/commerce/gifts/GiftlistFormHandler
**** Warning	Sat Mar 14 18:49:45 CDT 2015	1426376985995	/atg/commerce/gifts/GiftlistActor	[WARNING][/atg/commerce/gifts/GiftlistActor(copyToGiftList)] No success URL found for form handler /atg/commerce/gifts/GiftlistFormHandler
**** Warning	Sat Mar 14 18:49:45 CDT 2015	1426376985995	/atg/commerce/gifts/GiftlistActor	[WARNING][/atg/commerce/gifts/GiftlistActor(copyToGiftList)] No error URL found for form handler /atg/commerce/gifts/GiftlistFormHandler
